<?xml version="1.0" encoding="UTF-8"?>
<!-- Generated by org.testng.reporters.JUnitReportReporter -->
<testsuite hostname="DESKTOP-HLH2DT0" name="runners.MainRunner" tests="1" failures="0" timestamp="10 Mar 2020 18:09:07 GMT" time="33.248" errors="0">
  <testcase name="feature" time="33.248" classname="runners.MainRunner"/>
</testsuite> <!-- runners.MainRunner -->
